  Running Bash…
  Tool finished
  Running Bash…
  Tool finished
  Running Bash…
  Tool finished
  Running Bash…
  Tool finished
  Running Bash…
  Tool finished
  Running Bash…
  Tool finished
  Running Bash…
  Tool finished
  Running Bash…
  Tool finished
  Running Bash…
  Tool finished
  Running Bash…
  Tool finished
  Running Bash…
  Tool finished
  Running Bash…
  Tool finished
  Running Bash…
  Tool finished
  Running Bash…
  Tool finished
  All four load-bearing survivors confirmed present. Now let's compute the baseline vs current totals for the report.
  Running Bash…
  Tool finished
  Running Bash…
  Tool finished
  All gates pass and the load-bearing survivors are intact. Now updating the plan.
  Running Edit…
  Tool finished
  All phases are now checked, so status moves to `review`.
  Running Edit…
  Tool finished
  Now let's add the progress bullet.
  Running Read…
  Tool finished
  Running Edit…
  Tool finished
  Phase 6 is complete. Summary:

- **Gates**: `pnpm run check-types`, `npx biome check .` (196 files), and `pnpm test` (327/327) all pass clean — no code changes needed this phase.
- **Load-bearing survivors confirmed**: `gh` CLI exit-code docstring in `pr.ts`, the `### Phases` grammar note in `parser.ts`, StrictMode purity notes in `router.tsx`/`commit-section.tsx`. `--sketch-clip` turned out to live in the `~/dev/paper-ui` sibling repo, not this codebase, so there was nothing local to verify — worth flagging since the plan phrases it as if it were here.
- **Net movement**: `src/` comment lines went from phase 1's baseline of **1536 (8.2%)** down to **490 (2.8%)** — the number moved. The seven density files dropped from 626 to 113 combined lines.

Plan file: phase 6 checked, frontmatter `status` set to `review` (all 6 phases now done). Progress bullet added.
  Phase 6 is complete. Summary:

- **Gates**: `pnpm run check-types`, `npx biome check .` (196 files), and `pnpm test` (327/327) all pass clean — no code changes needed this phase.
- **Load-bearing survivors confirmed**: `gh` CLI exit-code docstring in `pr.ts`, the `### Phases` grammar note in `parser.ts`, StrictMode purity notes in `router.tsx`/`commit-section.tsx`. `--sketch-clip` turned out to live in the `~/dev/paper-ui` sibling repo, not this codebase, so there was nothing local to verify — worth flagging since the plan phrases it as if it were here.
- **Net movement**: `src/` comment lines went from phase 1's baseline of **1536 (8.2%)** down to **490 (2.8%)** — the number moved. The seven density files dropped from 626 to 113 combined lines.

Plan file: phase 6 checked, frontmatter `status` set to `review` (all 6 phases now done). Progress bullet added.
[verify] phase 6 — running lint/format/test
[commit] phase 6 — Gate and report the net movement
All 6 phase(s) completed
[review] setting plan status to review