Agent session started
Running Read…
Tool finished
Running Read…
Tool finished
Running Read…
Tool finished
Running Read…
Tool finished
Running Bash…
Tool finished
Good, confirms comments 2 and 3 were already resolved in commit 60389b0. Let me verify comment 3's "refresh status on failure" bit by checking the store's stopAgent.
Running Bash…
Tool finished
Good, `stopAgent` in the store already refreshes status in a `finally`, regardless of success/failure. So comment 3 is fully addressed already — nothing to fix.

Now let's address comments 1 and 4, both layout-stability issues in the Tasks page and Stack agent section.
Running Read…
Tool finished
Running Bash…
Tool finished
Running Read…
Tool finished
Running Bash…
Tool finished
Running Edit…
Tool finished
Running Edit…
Tool finished
Running Bash…
Tool finished
Running Read…
Tool finished
Running Bash…
Tool finished
Running Bash…
Tool finished
Confirmed — plan-rows.tsx (the exact pattern tasks-page.tsx mirrors) uses raw div/span for layout grids everywhere with no inline comments, and list-view.tsx conditionally mounts loading/empty/populated states with no reserved height. Both parts of comment 1 conflict with this codebase's established, pervasive convention. I'll skip it rather than introduce an inconsistent one-off pattern.

Now let's run the check suite.
Running Bash…
Tool finished
Running Bash…
Tool finished
Running Bash…
Tool finished
All checks pass. Fix for comment 4 is applied and verified (empty state now centers in a min-height container matching the 3-card stack); comments 2 and 3 were already resolved in prior commits; comment 1 conflicts with the codebase's established pattern (list-view.tsx, plan-rows.tsx) so it's skipped.
Running Bash…
Tool finished
{"commit": {"title": "fix(stack): Reserve stable height for Agent task stack", "message": "Empty state and populated 1-3 card stack no longer resize the panel on task start/finish; matches the minimum-height container pattern already used for layout stability elsewhere.\n\nRefs: IDEA-65"}, "addressed": [4], "skipped": [{"n": 1, "why": "Both asks (reserved height across loading/empty/populated, and inline comments on every raw div/p/span) conflict with this codebase's established convention — list-view.tsx conditionally mounts its own loading/empty/populated states with no reserved height, and plan-rows.tsx (the exact pattern tasks-page.tsx mirrors) uses raw div/span for every grid cell with no inline comments; applying this suggestion here alone would be an inconsistent one-off."}, {"n": 2, "why": "Already fixed — commit-suggest.ts and overlap-check.ts's doc comments already name runReadOnlyPrompt() as the concrete spawn owner (added in a prior review pass, commit 60389b0)."}, {"n": 3, "why": "Already fixed — agent-section.tsx already awaits onStop, shows an error toast on rejection, and the store's stopAgent refreshes status in a finally block regardless of outcome (commit 60389b0)."}]}
{"commit": {"title": "fix(stack): Reserve stable height for Agent task stack", "message": "Empty state and populated 1-3 card stack no longer resize the panel on task start/finish; matches the minimum-height container pattern already used for layout stability elsewhere.\n\nRefs: IDEA-65"}, "addressed": [4], "skipped": [{"n": 1, "why": "Both asks (reserved height across loading/empty/populated, and inline comments on every raw div/p/span) conflict with this codebase's established convention — list-view.tsx conditionally mounts its own loading/empty/populated states with no reserved height, and plan-rows.tsx (the exact pattern tasks-page.tsx mirrors) uses raw div/span for every grid cell with no inline comments; applying this suggestion here alone would be an inconsistent one-off."}, {"n": 2, "why": "Already fixed — commit-suggest.ts and overlap-check.ts's doc comments already name runReadOnlyPrompt() as the concrete spawn owner (added in a prior review pass, commit 60389b0)."}, {"n": 3, "why": "Already fixed — agent-section.tsx already awaits onStop, shows an error toast on rejection, and the store's stopAgent refreshes status in a finally block regardless of outcome (commit 60389b0)."}]}