Agent session started
Running Bash…
Tool finished
Running Bash…
Tool finished
Running Bash…
Tool finished
Running Read…
Tool finished
Running Read…
Tool finished
Running Read…
Tool finished
Running Bash…
Tool finished
Running Read…
Tool finished
Running Read…
Tool finished
Running Bash…
Tool finished
Running Read…
Tool finished
Running Bash…
Tool finished
Running Read…
Tool finished
Running Bash…
Tool finished
Running Read…
Tool finished
Running Bash…
Tool finished
I found the codebase in good shape, but two concrete rough edges around the just-landed IDEA-66 dirty-sync work. Let me verify my understanding of the two before writing.

The dirty sync (`/api/git/sync` mode `dirty`) runs the sync **agent** in the background (202) and `handleSync` reloads git status immediately — before the agent finishes. The only thing that re-refreshes afterward is the activity SSE stream, which (a) watches **only** `papercamp/` (`activity.ts:46`), and (b) on the `agent`-type event reloads only agent status, not git status (`stack-panel.tsx:94-97`). So when a merged branch's tree equals main, the agent's `git checkout main` touches no `papercamp/` file → no `changed` event → the Commit card keeps its old branch stamp and the "Branch merged — sync to main" button until a manual refresh.

And `DIRTY_SYNC_PROMPT` (`routes/git.ts:8-16`) stashes-or-commits, checks out main, then ff-merges `origin/main` — but never pops the stash or moves the commit onto main, so genuinely uncommitted work lands on the old branch/stash, not main, despite the `commit-section.tsx:429` "carried, not lost" comment.

Both are new and not in the existing ideas/suggestions. Appending them.
Running Read…
Tool finished
Running Write…
Tool finished
Appended two suggestions to `papercamp/suggestions.md`, both follow-ups to the freshly-landed IDEA-66 dirty-sync work:

1. **Stale git status after background sync** — the sync agent runs async and the only post-completion refresh comes via the SSE stream, which watches only `papercamp/` and reloads just agent status on the `agent` event. When a merged branch's tree equals main, the checkout fires no `changed` event, so the Commit card keeps showing the old branch stamp and the "Branch merged — sync to main" button until a manual refresh.

2. **Dirty-sync disposition of uncommitted work** — `DIRTY_SYNC_PROMPT` stashes-or-commits, checks out main, ff-merges, but never pops the stash or lands the commit on main, so genuinely uncommitted changes end up stranded off main despite the "carried, not lost" comment.

I left everything else untouched — the rest of the server/CLI surface I read (route error handling is uniformly wrapped by the top-level catch in `api.ts:124`, promote/dismiss endpoints, polling) looked sound and I didn't want to force additional items.
Appended two suggestions to `papercamp/suggestions.md`, both follow-ups to the freshly-landed IDEA-66 dirty-sync work:

1. **Stale git status after background sync** — the sync agent runs async and the only post-completion refresh comes via the SSE stream, which watches only `papercamp/` and reloads just agent status on the `agent` event. When a merged branch's tree equals main, the checkout fires no `changed` event, so the Commit card keeps showing the old branch stamp and the "Branch merged — sync to main" button until a manual refresh.

2. **Dirty-sync disposition of uncommitted work** — `DIRTY_SYNC_PROMPT` stashes-or-commits, checks out main, ff-merges, but never pops the stash or lands the commit on main, so genuinely uncommitted changes end up stranded off main despite the "carried, not lost" comment.

I left everything else untouched — the rest of the server/CLI surface I read (route error handling is uniformly wrapped by the top-level catch in `api.ts:124`, promote/dismiss endpoints, polling) looked sound and I didn't want to force additional items.